2026-02-23 23:14:31 +0000  AppsService: will send request: Apps.apps_getCollection: GET /provider/69a6de71-bcfd-47e3-e053-5b8c7c11a4d1/v1/apps?include=appStoreVersions,iosAppToMacAppStoreOptInSetting&limit=100&filter[bundleId]=com.jamesbaker.jamaicadeals&fields[iosAppToMacAppStoreOptInSetting]=isOptedInToDistributeIosAppOnMacAppStore&fields[appStoreVersions]=platform,storeIcon,versionString&fields[apps]=name,bundleId,appStoreVersions,iosAppToMacAppStoreOptInSetting,removed&sort=name&limit[appStoreVersions]=10
2026-02-23 23:14:31 +0000  APIClient (name: ) got status code 200 to a GET request to URL: https://appstoreconnect.apple.com/iris/provider/69a6de71-bcfd-47e3-e053-5b8c7c11a4d1/v1/apps?fields%5BappStoreVersions%5D=platform,storeIcon,versionString&fields%5Bapps%5D=name,bundleId,appStoreVersions,iosAppToMacAppStoreOptInSetting,removed&fields%5BiosAppToMacAppStoreOptInSetting%5D=isOptedInToDistributeIosAppOnMacAppStore&filter%5BbundleId%5D=com.jamesbaker.jamaicadeals&include=appStoreVersions,iosAppToMacAppStoreOptInSetting&limit=100&limit%5BappStoreVersions%5D=10&sort=name
2026-02-23 23:14:31 +0000  AppsService: received response: 200 success
---
Headers:
'x-content-security-policy': 'script-src 'self' *.apple.com'
'Strict-Transport-Security': 'max-age=31536000; includeSubDomains; preload'
'x-b3-parentspanid': '3d26ce83af231387'
'x-xss-protection': '1; mode=block'
'x-apple-jingle-correlation-key': '2X6W7SMNSMALUFMC3C5NDNJOMM'
'Set-Cookie': 'dqsid=eyJ0eXAiOiJKV1QiLCJhbGciOiJIUzI1NiJ9.eyJpYXQiOjE3NzE4ODg0NzEsImp0aSI6IjdhOXBFR3JTWk1kQWdKRm50RmFMSFEifQ.8kOvUI0Z7UzeNHD0Xdk3b8X49zgnuj2RN8ieg5BhzNY; Max-Age=1800; Expires=Mon, 23 Feb 2026 23:44:31 GMT; Path=/; Secure; HTTPOnly'
'apple-timing-app': '153 ms'
'x-daiquiri-rate-limit-timing-user': '0'
'x-unicorn-originated': 'true'
'apple-tk': 'false'
'x-daiquiri-instance': 'daiquiri:35751002:pv50p00it-hyhk10034101:7987:26HOTFIX5:daiquiri-amp-dsce-asc-int-002-pv, daiquiri:35751002:pv50p00it-hyhk10034101:7987:26HOTFIX5:daiquiri-amp-dsce-asc-int-002-pv, daiquiri:38493001:pv50p00it-hyhk12043901:7987:26RELEASE27:daiquiri-amp-all-shared-ext-001-pv'
'x-daiquiri-debug-worker-pid': '60725, 60700, 54723'
'x-content-type-options': 'nosniff'
'x-apple-request-uuid': 'd5fd6fc9-8d93-00ba-1582-d8bad1b52e63'
'x-responding-instance': 'ac-gateway-api:ac-gateway-api-main-b7758bc96-ckksf:ac-gateway-api-main-b7758bc96-ckksf:-1::::'
'Server': 'daiquiri/5'
'Content-Length': '651'
'apple-seq': '0.0'
'apple-originating-system': 'UnknownOriginatingSystem'
'x-b3-traceid': '08a5166fe65cb535'
'Content-Type': 'application/json'
'x-b3-spanid': 'e22c6f4adf26d4dd'
'x-daiquiri-rate-limit-user': 'user-hour-lim:10000;user-hour-rem:9999;'
'Date': 'Mon, 23 Feb 2026 23:14:31 GMT'
'x-frame-options': 'SAMEORIGIN'
'b3': 'd5fd6fc98d9300ba1582d8bad1b52e63-e22c6f4adf26d4dd'
---
Data:
AppStoreConnectAppsResponse(data: [], links: XCServices.AppStoreConnectPagedDocumentLinks(_self: "https://appstoreconnect.apple.com/iris/provider/69a6de71-bcfd-47e3-e053-5b8c7c11a4d1/v1/apps?fields%5BiosAppToMacAppStoreOptInSetting%5D=isOptedInToDistributeIosAppOnMacAppStore&fields%5BappStoreVersions%5D=versionString%2Cplatform%2CstoreIcon&fields%5Bapps%5D=iosAppToMacAppStoreOptInSetting%2Cremoved%2CappStoreVersions%2Cname%2CbundleId&filter%5BbundleId%5D=com.jamesbaker.jamaicadeals&include=iosAppToMacAppStoreOptInSetting%2CappStoreVersions&limit%5BappStoreVersions%5D=10&sort=name&limit=100", first: nil, next: nil), included: Optional([]), meta: Optional(XCServices.AppStoreConnectPagingInformation(paging: XCServices.AppStoreConnectPagingInformation.Paging(limit: 100, total: Optional(0)))))
---
2026-02-23 23:14:31 +0000  AppsService: fetched 0 items, total 0 items, has next page URL: false
2026-02-23 23:14:31 +0000  AppStoreLocalesService: will send request: AppStoreLocales.appStoreLocales_getCollection: GET /provider/69a6de71-bcfd-47e3-e053-5b8c7c11a4d1/v1/appStoreLocales?limit=100
2026-02-23 23:14:31 +0000  APIClient (name: ) got status code 200 to a GET request to URL: https://appstoreconnect.apple.com/iris/provider/69a6de71-bcfd-47e3-e053-5b8c7c11a4d1/v1/appStoreLocales?limit=100
2026-02-23 23:14:31 +0000  AppStoreLocalesService: received response: 200 success
---
Headers:
'apple-tk': 'false'
'x-b3-parentspanid': '1ec2c7288bf0ac3b'
'x-responding-instance': 'ac-gateway-api:ac-gateway-api-main-b7758bc96-h677l:ac-gateway-api-main-b7758bc96-h677l:-1::::'
'Set-Cookie': 'dqsid=eyJ0eXAiOiJKV1QiLCJhbGciOiJIUzI1NiJ9.eyJpYXQiOjE3NzE4ODg0NzEsImp0aSI6ImdfQk8zMUpYUERMUWNNMTE1eURMZXcifQ.PJfppD_dxqSCv7gXKMJ2_D_OPWXLkaky0JEH86GUu88; Max-Age=1800; Expires=Mon, 23 Feb 2026 23:44:31 GMT; Path=/; Secure; HTTPOnly'
'x-daiquiri-rate-limit-timing-user': '0'
'x-frame-options': 'SAMEORIGIN'
'Content-Type': 'application/json'
'Strict-Transport-Security': 'max-age=31536000; includeSubDomains; preload'
'apple-originating-system': 'UnknownOriginatingSystem'
'x-daiquiri-rate-limit-user': 'user-hour-lim:10000;user-hour-rem:9999;'
'Date': 'Mon, 23 Feb 2026 23:14:31 GMT'
'Content-Length': '10510'
'Server': 'daiquiri/5'
'x-daiquiri-debug-worker-pid': '39434, 39424, 54723'
'x-apple-jingle-correlation-key': 'HU3RTODYWPCZNYHQILTB42V73I'
'x-content-security-policy': 'script-src 'self' *.apple.com'
'x-xss-protection': '1; mode=block'
'x-unicorn-originated': 'true'
'x-apple-request-uuid': '3d3719b8-78b3-c596-e0f0-42e61e6abfda'
'x-b3-spanid': '929e9272c325f826'
'x-b3-traceid': '9c5db7be3ebb0c61'
'x-content-type-options': 'nosniff'
'b3': '3d3719b878b3c596e0f042e61e6abfda-929e9272c325f826'
'apple-seq': '0.0'
'x-daiquiri-instance': 'daiquiri:35751003:pv50p00it-hyhk23193701:7987:26HOTFIX5:daiquiri-amp-dsce-asc-int-002-pv, daiquiri:35751003:pv50p00it-hyhk23193701:7987:26HOTFIX5:daiquiri-amp-dsce-asc-int-002-pv, daiquiri:38493001:pv50p00it-hyhk12043901:7987:26RELEASE27:daiquiri-amp-all-shared-ext-001-pv'
'apple-timing-app': '18 ms'
---
Data:
AppStoreConnectAppStoreLocalesResponse(data: [XCServices.AppStoreConnectAppStoreLocale(id: "hi", type: XCServices.AppStoreConnectAppStoreLocale.AppStoreConnectType.appStoreLocales, links: Optional(XCServices.AppStoreConnectResourceLinks(_self: Optional("https://appstoreconnect.apple.com/iris/provider/69a6de71-bcfd-47e3-e053-5b8c7c11a4d1/v1/appStoreLocales/hi")))), XCServices.AppStoreConnectAppStoreLocale(id: "en-US", type: XCServices.AppStoreConnectAppStoreLocale.AppStoreConnectType.appStoreLocales, links: Optional(XCServices.AppStoreConnectResourceLinks(_self: Optional("https://appstoreconnect.apple.com/iris/provider/69a6de71-bcfd-47e3-e053-5b8c7c11a4d1/v1/appStoreLocales/en-US")))), XCServices.AppStoreConnectAppStoreLocale(id: "gu-IN", type: XCServices.AppStoreConnectAppStoreLocale.AppStoreConnectType.appStoreLocales, links: Optional(XCServices.AppStoreConnectResourceLinks(_self: Optional("https://appstoreconnect.apple.com/iris/provider/69a6de71-bcfd-47e3-e053-5b8c7c11a4d1/v1/appStoreLocales/gu-IN")))), XCServices.AppStoreConnectAppStoreLocale(id: "hr", type: XCServices.AppStoreConnectAppStoreLocale.AppStoreConnectType.appStoreLocales, links: Optional(XCServices.AppStoreConnectResourceLinks(_self: Optional("https://appstoreconnect.apple.com/iris/provider/69a6de71-bcfd-47e3-e053-5b8c7c11a4d1/v1/appStoreLocales/hr")))), XCServices.AppStoreConnectAppStoreLocale(id: "ta-IN", type: XCServices.AppStoreConnectAppStoreLocale.AppStoreConnectType.appStoreLocales, links: Optional(XCServices.AppStoreConnectResourceLinks(_self: Optional("https://appstoreconnect.apple.com/iris/provider/69a6de71-bcfd-47e3-e053-5b8c7c11a4d1/v1/appStoreLocales/ta-IN")))), XCServices.AppStoreConnectAppStoreLocale(id: "hu", type: XCServices.AppStoreConnectAppStoreLocale.AppStoreConnectType.appStoreLocales, links: Optional(XCServices.AppStoreConnectResourceLinks(_self: Optional("https://appstoreconnect.apple.com/iris/provider/69a6de71-bcfd-47e3-e053-5b8c7c11a4d1/v1/appStoreLocales/hu")))), XCServices.AppStoreConnectAppStoreLocale(id: "ur-PK", type: XCServices.AppStoreConnectAppStoreLocale.AppStoreConnectType.appStoreLocales, links: Optional(XCServices.AppStoreConnectResourceLinks(_self: Optional("https://appstoreconnect.apple.com/iris/provider/69a6de71-bcfd-47e3-e053-5b8c7c11a4d1/v1/appStoreLocales/ur-PK")))), XCServices.AppStoreConnectAppStoreLocale(id: "te-IN", type: XCServices.AppStoreConnectAppStoreLocale.AppStoreConnectType.appStoreLocales, links: Optional(XCServices.AppStoreConnectResourceLinks(_self: Optional("https://appstoreconnect.apple.com/iris/provider/69a6de71-bcfd-47e3-e053-5b8c7c11a4d1/v1/appStoreLocales/te-IN")))), XCServices.AppStoreConnectAppStoreLocale(id: "zh-Hans", type: XCServices.AppStoreConnectAppStoreLocale.AppStoreConnectType.appStoreLocales, links: Optional(XCServices.AppStoreConnectResourceLinks(_self: Optional("https://appstoreconnect.apple.com/iris/provider/69a6de71-bcfd-47e3-e053-5b8c7c11a4d1/v1/appStoreLocales/zh-Hans")))), XCServices.AppStoreConnectAppStoreLocale(id: "nl-NL", type: XCServices.AppStoreConnectAppStoreLocale.AppStoreConnectType.appStoreLocales, links: Optional(XCServices.AppStoreConnectResourceLinks(_self: Optional("https://appstoreconnect.apple.com/iris/provider/69a6de71-bcfd-47e3-e053-5b8c7c11a4d1/v1/appStoreLocales/nl-NL")))), XCServices.AppStoreConnectAppStoreLocale(id: "zh-Hant", type: XCServices.AppStoreConnectAppStoreLocale.AppStoreConnectType.appStoreLocales, links: Optional(XCServices.AppStoreConnectResourceLinks(_self: Optional("https://appstoreconnect.apple.com/iris/provider/69a6de71-bcfd-47e3-e053-5b8c7c11a4d1/v1/appStoreLocales/zh-Hant")))), XCServices.AppStoreConnectAppStoreLocale(id: "uk", type: XCServices.AppStoreConnectAppStoreLocale.AppStoreConnectType.appStoreLocales, links: Optional(XCServices.AppStoreConnectResourceLinks(_self: Optional("https://appstoreconnect.apple.com/iris/provider/69a6de71-bcfd-47e3-e053-5b8c7c11a4d1/v1/appStoreLocales/uk")))), XCServices.AppStoreConnectAppStoreLocale(id: "en-AU", type: XCServices.AppStoreConnectAppStoreLocale.AppStoreConnectType.appStoreLocales, links: Optional(XCServices.AppStoreConnectResourceLinks(_self: Optional("https://appstoreconnect.apple.com/iris/provider/69a6de71-bcfd-47e3-e053-5b8c7c11a4d1/v1/appStoreLocales/en-AU")))), XCServices.AppStoreConnectAppStoreLocale(id: "id", type: XCServices.AppStoreConnectAppStoreLocale.AppStoreConnectType.appStoreLocales, links: Optional(XCServices.AppStoreConnectResourceLinks(_self: Optional("https://appstoreconnect.apple.com/iris/provider/69a6de71-bcfd-47e3-e053-5b8c7c11a4d1/v1/appStoreLocales/id")))), XCServices.AppStoreConnectAppStoreLocale(id: "or-IN", type: XCServices.AppStoreConnectAppStoreLocale.AppStoreConnectType.appStoreLocales, links: Optional(XCServices.AppStoreConnectResourceLinks(_self: Optional("https://appstoreconnect.apple.com/iris/provider/69a6de71-bcfd-47e3-e053-5b8c7c11a4d1/v1/appStoreLocales/or-IN")))), XCServices.AppStoreConnectAppStoreLocale(id: "ml-IN", type: XCServices.AppStoreConnectAppStoreLocale.AppStoreConnectType.appStoreLocales, links: Optional(XCServices.AppStoreConnectResourceLinks(_self: Optional("https://appstoreconnect.apple.com/iris/provider/69a6de71-bcfd-47e3-e053-5b8c7c11a4d1/v1/appStoreLocales/ml-IN")))), XCServices.AppStoreConnectAppStoreLocale(id: "ms", type: XCServices.AppStoreConnectAppStoreLocale.AppStoreConnectType.appStoreLocales, links: Optional(XCServices.AppStoreConnectResourceLinks(_self: Optional("https://appstoreconnect.apple.com/iris/provider/69a6de71-bcfd-47e3-e053-5b8c7c11a4d1/v1/appStoreLocales/ms")))), XCServices.AppStoreConnectAppStoreLocale(id: "el", type: XCServices.AppStoreConnectAppStoreLocale.AppStoreConnectType.appStoreLocales, links: Optional(XCServices.AppStoreConnectResourceLinks(_self: Optional("https://appstoreconnect.apple.com/iris/provider/69a6de71-bcfd-47e3-e053-5b8c7c11a4d1/v1/appStoreLocales/el")))), XCServices.AppStoreConnectAppStoreLocale(id: "it", type: XCServices.AppStoreConnectAppStoreLocale.AppStoreConnectType.appStoreLocales, links: Optional(XCServices.AppStoreConnectResourceLinks(_self: Optional("https://appstoreconnect.apple.com/iris/provider/69a6de71-bcfd-47e3-e053-5b8c7c11a4d1/v1/appStoreLocales/it")))), XCServices.AppStoreConnectAppStoreLocale(id: "fr-CA", type: XCServices.AppStoreConnectAppStoreLocale.AppStoreConnectType.appStoreLocales, links: Optional(XCServices.AppStoreConnectResourceLinks(_self: Optional("https://appstoreconnect.apple.com/iris/provider/69a6de71-bcfd-47e3-e053-5b8c7c11a4d1/v1/appStoreLocales/fr-CA")))), XCServices.AppStoreConnectAppStoreLocale(id: "pt-PT", type: XCServices.AppStoreConnectAppStoreLocale.AppStoreConnectType.appStoreLocales, links: Optional(XCServices.AppStoreConnectResourceLinks(_self: Optional("https://appstoreconnect.apple.com/iris/provider/69a6de71-bcfd-47e3-e053-5b8c7c11a4d1/v1/appStoreLocales/pt-PT")))), XCServices.AppStoreConnectAppStoreLocale(id: "vi", type: XCServices.AppStoreConnectAppStoreLocale.AppStoreConnectType.appStoreLocales, links: Optional(XCServices.AppStoreConnectResourceLinks(_self: Optional("https://appstoreconnect.apple.com/iris/provider/69a6de71-bcfd-47e3-e053-5b8c7c11a4d1/v1/appStoreLocales/vi")))), XCServices.AppStoreConnectAppStoreLocale(id: "ja", type: XCServices.AppStoreConnectAppStoreLocale.AppStoreConnectType.appStoreLocales, links: Optional(XCServices.AppStoreConnectResourceLinks(_self: Optional("https://appstoreconnect.apple.com/iris/provider/69a6de71-bcfd-47e3-e053-5b8c7c11a4d1/v1/appStoreLocales/ja")))), XCServices.AppStoreConnectAppStoreLocale(id: "fr-FR", type: XCServices.AppStoreConnectAppStoreLocale.AppStoreConnectType.appStoreLocales, links: Optional(XCServices.AppStoreConnectResourceLinks(_self: Optional("https://appstoreconnect.apple.com/iris/provider/69a6de71-bcfd-47e3-e053-5b8c7c11a4d1/v1/appStoreLocales/fr-FR")))), XCServices.AppStoreConnectAppStoreLocale(id: "ro", type: XCServices.AppStoreConnectAppStoreLocale.AppStoreConnectType.appStoreLocales, links: Optional(XCServices.AppStoreConnectResourceLinks(_self: Optional("https://appstoreconnect.apple.com/iris/provider/69a6de71-bcfd-47e3-e053-5b8c7c11a4d1/v1/appStoreLocales/ro")))), XCServices.AppStoreConnectAppStoreLocale(id: "en-GB", type: XCServices.AppStoreConnectAppStoreLocale.AppStoreConnectType.appStoreLocales, links: Optional(XCServices.AppStoreConnectResourceLinks(_self: Optional("https://appstoreconnect.apple.com/iris/provider/69a6de71-bcfd-47e3-e053-5b8c7c11a4d1/v1/appStoreLocales/en-GB")))), XCServices.AppStoreConnectAppStoreLocale(id: "no", type: XCServices.AppStoreConnectAppStoreLocale.AppStoreConnectType.appStoreLocales, links: Optional(XCServices.AppStoreConnectResourceLinks(_self: Optional("https://appstoreconnect.apple.com/iris/provider/69a6de71-bcfd-47e3-e053-5b8c7c11a4d1/v1/appStoreLocales/no")))), XCServices.AppStoreConnectAppStoreLocale(id: "en-CA", type: XCServices.AppStoreConnectAppStoreLocale.AppStoreConnectType.appStoreLocales, links: Optional(XCServices.AppStoreConnectResourceLinks(_self: Optional("https://appstoreconnect.apple.com/iris/provider/69a6de71-bcfd-47e3-e053-5b8c7c11a4d1/v1/appStoreLocales/en-CA")))), XCServices.AppStoreConnectAppStoreLocale(id: "fi", type: XCServices.AppStoreConnectAppStoreLocale.AppStoreConnectType.appStoreLocales, links: Optional(XCServices.AppStoreConnectResourceLinks(_self: Optional("https://appstoreconnect.apple.com/iris/provider/69a6de71-bcfd-47e3-e053-5b8c7c11a4d1/v1/appStoreLocales/fi")))), XCServices.AppStoreConnectAppStoreLocale(id: "ru", type: XCServices.AppStoreConnectAppStoreLocale.AppStoreConnectType.appStoreLocales, links: Optional(XCServices.AppStoreConnectResourceLinks(_self: Optional("https://appstoreconnect.apple.com/iris/provider/69a6de71-bcfd-47e3-e053-5b8c7c11a4d1/v1/appStoreLocales/ru")))), XCServices.AppStoreConnectAppStoreLocale(id: "sl-SI", type: XCServices.AppStoreConnectAppStoreLocale.AppStoreConnectType.appStoreLocales, links: Optional(XCServices.AppStoreConnectResourceLinks(_self: Optional("https://appstoreconnect.apple.com/iris/provider/69a6de71-bcfd-47e3-e053-5b8c7c11a4d1/v1/appStoreLocales/sl-SI")))), XCServices.AppStoreConnectAppStoreLocale(id: "pa-IN", type: XCServices.AppStoreConnectAppStoreLocale.AppStoreConnectType.appStoreLocales, links: Optional(XCServices.AppStoreConnectResourceLinks(_self: Optional("https://appstoreconnect.apple.com/iris/provider/69a6de71-bcfd-47e3-e053-5b8c7c11a4d1/v1/appStoreLocales/pa-IN")))), XCServices.AppStoreConnectAppStoreLocale(id: "sk", type: XCServices.AppStoreConnectAppStoreLocale.AppStoreConnectType.appStoreLocales, links: Optional(XCServices.AppStoreConnectResourceLinks(_self: Optional("https://appstoreconnect.apple.com/iris/provider/69a6de71-bcfd-47e3-e053-5b8c7c11a4d1/v1/appStoreLocales/sk")))), XCServices.AppStoreConnectAppStoreLocale(id: "kn-IN", type: XCServices.AppStoreConnectAppStoreLocale.AppStoreConnectType.appStoreLocales, links: Optional(XCServices.AppStoreConnectResourceLinks(_self: Optional("https://appstoreconnect.apple.com/iris/provider/69a6de71-bcfd-47e3-e053-5b8c7c11a4d1/v1/appStoreLocales/kn-IN")))), XCServices.AppStoreConnectAppStoreLocale(id: "ca", type: XCServices.AppStoreConnectAppStoreLocale.AppStoreConnectType.appStoreLocales, links: Optional(XCServices.AppStoreConnectResourceLinks(_self: Optional("https://appstoreconnect.apple.com/iris/provider/69a6de71-bcfd-47e3-e053-5b8c7c11a4d1/v1/appStoreLocales/ca")))), XCServices.AppStoreConnectAppStoreLocale(id: "ar-SA", type: XCServices.AppStoreConnectAppStoreLocale.AppStoreConnectType.appStoreLocales, links: Optional(XCServices.AppStoreConnectResourceLinks(_self: Optional("https://appstoreconnect.apple.com/iris/provider/69a6de71-bcfd-47e3-e053-5b8c7c11a4d1/v1/appStoreLocales/ar-SA")))), XCServices.AppStoreConnectAppStoreLocale(id: "de-DE", type: XCServices.AppStoreConnectAppStoreLocale.AppStoreConnectType.appStoreLocales, links: Optional(XCServices.AppStoreConnectResourceLinks(_self: Optional("https://appstoreconnect.apple.com/iris/provider/69a6de71-bcfd-47e3-e053-5b8c7c11a4d1/v1/appStoreLocales/de-DE")))), XCServices.AppStoreConnectAppStoreLocale(id: "sv", type: XCServices.AppStoreConnectAppStoreLocale.AppStoreConnectType.appStoreLocales, links: Optional(XCServices.AppStoreConnectResourceLinks(_self: Optional("https://appstoreconnect.apple.com/iris/provider/69a6de71-bcfd-47e3-e053-5b8c7c11a4d1/v1/appStoreLocales/sv")))), XCServices.AppStoreConnectAppStoreLocale(id: "ko", type: XCServices.AppStoreConnectAppStoreLocale.AppStoreConnectType.appStoreLocales, links: Optional(XCServices.AppStoreConnectResourceLinks(_self: Optional("https://appstoreconnect.apple.com/iris/provider/69a6de71-bcfd-47e3-e053-5b8c7c11a4d1/v1/appStoreLocales/ko")))), XCServices.AppStoreConnectAppStoreLocale(id: "pt-BR", type: XCServices.AppStoreConnectAppStoreLocale.AppStoreConnectType.appStoreLocales, links: Optional(XCServices.AppStoreConnectResourceLinks(_self: Optional("https://appstoreconnect.apple.com/iris/provider/69a6de71-bcfd-47e3-e053-5b8c7c11a4d1/v1/appStoreLocales/pt-BR")))), XCServices.AppStoreConnectAppStoreLocale(id: "es-ES", type: XCServices.AppStoreConnectAppStoreLocale.AppStoreConnectType.appStoreLocales, links: Optional(XCServices.AppStoreConnectResourceLinks(_self: Optional("https://appstoreconnect.apple.com/iris/provider/69a6de71-bcfd-47e3-e053-5b8c7c11a4d1/v1/appStoreLocales/es-ES")))), XCServices.AppStoreConnectAppStoreLocale(id: "es-MX", type: XCServices.AppStoreConnectAppStoreLocale.AppStoreConnectType.appStoreLocales, links: Optional(XCServices.AppStoreConnectResourceLinks(_self: Optional("https://appstoreconnect.apple.com/iris/provider/69a6de71-bcfd-47e3-e053-5b8c7c11a4d1/v1/appStoreLocales/es-MX")))), XCServices.AppStoreConnectAppStoreLocale(id: "cs", type: XCServices.AppStoreConnectAppStoreLocale.AppStoreConnectType.appStoreLocales, links: Optional(XCServices.AppStoreConnectResourceLinks(_self: Optional("https://appstoreconnect.apple.com/iris/provider/69a6de71-bcfd-47e3-e053-5b8c7c11a4d1/v1/appStoreLocales/cs")))), XCServices.AppStoreConnectAppStoreLocale(id: "th", type: XCServices.AppStoreConnectAppStoreLocale.AppStoreConnectType.appStoreLocales, links: Optional(XCServices.AppStoreConnectResourceLinks(_self: Optional("https://appstoreconnect.apple.com/iris/provider/69a6de71-bcfd-47e3-e053-5b8c7c11a4d1/v1/appStoreLocales/th")))), XCServices.AppStoreConnectAppStoreLocale(id: "bn-BD", type: XCServices.AppStoreConnectAppStoreLocale.AppStoreConnectType.appStoreLocales, links: Optional(XCServices.AppStoreConnectResourceLinks(_self: Optional("https://appstoreconnect.apple.com/iris/provider/69a6de71-bcfd-47e3-e053-5b8c7c11a4d1/v1/appStoreLocales/bn-BD")))), XCServices.AppStoreConnectAppStoreLocale(id: "mr-IN", type: XCServices.AppStoreConnectAppStoreLocale.AppStoreConnectType.appStoreLocales, links: Optional(XCServices.AppStoreConnectResourceLinks(_self: Optional("https://appstoreconnect.apple.com/iris/provider/69a6de71-bcfd-47e3-e053-5b8c7c11a4d1/v1/appStoreLocales/mr-IN")))), XCServices.AppStoreConnectAppStoreLocale(id: "pl", type: XCServices.AppStoreConnectAppStoreLocale.AppStoreConnectType.appStoreLocales, links: Optional(XCServices.AppStoreConnectResourceLinks(_self: Optional("https://appstoreconnect.apple.com/iris/provider/69a6de71-bcfd-47e3-e053-5b8c7c11a4d1/v1/appStoreLocales/pl")))), XCServices.AppStoreConnectAppStoreLocale(id: "da", type: XCServices.AppStoreConnectAppStoreLocale.AppStoreConnectType.appStoreLocales, links: Optional(XCServices.AppStoreConnectResourceLinks(_self: Optional("https://appstoreconnect.apple.com/iris/provider/69a6de71-bcfd-47e3-e053-5b8c7c11a4d1/v1/appStoreLocales/da")))), XCServices.AppStoreConnectAppStoreLocale(id: "he", type: XCServices.AppStoreConnectAppStoreLocale.AppStoreConnectType.appStoreLocales, links: Optional(XCServices.AppStoreConnectResourceLinks(_self: Optional("https://appstoreconnect.apple.com/iris/provider/69a6de71-bcfd-47e3-e053-5b8c7c11a4d1/v1/appStoreLocales/he")))), XCServices.AppStoreConnectAppStoreLocale(id: "tr", type: XCServices.AppStoreConnectAppStoreLocale.AppStoreConnectType.appStoreLocales, links: Optional(XCServices.AppStoreConnectResourceLinks(_self: Optional("https://appstoreconnect.apple.com/iris/provider/69a6de71-bcfd-47e3-e053-5b8c7c11a4d1/v1/appStoreLocales/tr"))))], links: XCServices.AppStoreConnectPagedDocumentLinks(_self: "https://appstoreconnect.apple.com/iris/provider/69a6de71-bcfd-47e3-e053-5b8c7c11a4d1/v1/appStoreLocales?limit=100", first: nil, next: nil), meta: Optional(XCServices.AppStoreConnectPagingInformation(paging: XCServices.AppStoreConnectPagingInformation.Paging(limit: 100, total: Optional(50)))))
---
2026-02-23 23:14:31 +0000  AppStoreLocalesService: fetched 50 items, total 50 items, has next page URL: false
2026-02-23 23:15:06 +0000  CreateAppService: will send request: Apps.apps_createInstance: POST /provider/69a6de71-bcfd-47e3-e053-5b8c7c11a4d1/v1/apps
body: {"data":{"attributes":{"primaryLocale":"en-US","bundleId":"com.jamesbaker.jamaicadeals","sku":"com.jamesbaker.jamaicadeals"},"relationships":{"appStoreVersions":{"data":[{"id":"${new-app-store-version-id}","type":"appStoreVersions"}]},"appInfos":{"data":[{"id":"${new-appInfo-id}","type":"appInfos"}]}},"type":"apps"},"included":[{"relationships":{"appInfoLocalizations":{"data":[{"id":"${new-appInfoLocalization-id}","type":"appInfoLocalizations"}]}},"type":"appInfos","id":"${new-appInfo-id}"},{"relationships":{"appStoreVersionLocalizations":{"data":[{"id":"${new-version-localization-id}","type":"appStoreVersionLocalizations"}]}},"attributes":{"versionString":"1.5","platform":"IOS"},"type":"appStoreVersions","id":"${new-app-store-version-id}"},{"attributes":{"name":"JamaicaVacationDeals","locale":"en-US"},"type":"appInfoLocalizations","id":"${new-appInfoLocalization-id}"},{"attributes":{"locale":"en-US"},"type":"appStoreVersionLocalizations","id":"${new-version-localization-id}"}]}
2026-02-23 23:15:07 +0000  APIClient (name: ) got status code 409 to a POST request to URL: https://appstoreconnect.apple.com/iris/provider/69a6de71-bcfd-47e3-e053-5b8c7c11a4d1/v1/apps
2026-02-23 23:15:07 +0000  CreateAppService: received response: 409 failure
---
Headers:
'x-daiquiri-rate-limit-user': 'user-hour-lim:10000;user-hour-rem:9999;'
'x-content-security-policy': 'script-src 'self' *.apple.com'
'apple-originating-system': 'UnknownOriginatingSystem'
'x-apple-request-uuid': '3538fecd-ef47-4655-e9f1-5a82f421bf13'
'b3': '3538fecdef474655e9f15a82f421bf13-206f237267fa8e90'
'x-responding-instance': 'ac-gateway-api:ac-gateway-api-main-b7758bc96-5hkn7:ac-gateway-api-main-b7758bc96-5hkn7:-1::::'
'x-apple-jingle-correlation-key': 'GU4P5TPPI5DFL2PRLKBPIIN7CM'
'Set-Cookie': 'dqsid=eyJ0eXAiOiJKV1QiLCJhbGciOiJIUzI1NiJ9.eyJpYXQiOjE3NzE4ODg1MDYsImp0aSI6IkJoRlBrQUh4YTJSek1jUjJKdkx5N3cifQ.5sMZaZMliSL-xGhuFd1is4xTjpum5utJyK4xFhAzI0g; Max-Age=1800; Expires=Mon, 23 Feb 2026 23:45:06 GMT; Path=/; Secure; HTTPOnly'
'Server': 'daiquiri/5'
'x-unicorn-originated': 'true'
'apple-seq': '0.0'
'x-b3-traceid': '9617a14437f67674'
'x-daiquiri-instance': 'daiquiri:35751001:pv50p00it-hyhk23183801:7987:26HOTFIX5:daiquiri-amp-dsce-asc-int-002-pv, daiquiri:35751001:pv50p00it-hyhk23183801:7987:26HOTFIX5:daiquiri-amp-dsce-asc-int-002-pv, daiquiri:38493001:pv50p00it-hyhk12043901:7987:26RELEASE27:daiquiri-amp-all-shared-ext-001-pv'
'x-frame-options': 'SAMEORIGIN'
'x-b3-spanid': '206f237267fa8e90'
'x-xss-protection': '1; mode=block'
'Content-Length': '599'
'apple-timing-app': '1386 ms'
'x-b3-parentspanid': 'bfb0f8f3034d72f8'
'x-daiquiri-rate-limit-timing-user': '0'
'Date': 'Mon, 23 Feb 2026 23:15:07 GMT'
'x-daiquiri-debug-worker-pid': '55549, 55556, 54753'
'x-content-type-options': 'nosniff'
'Strict-Transport-Security': 'max-age=31536000; includeSubDomains; preload'
'apple-tk': 'false'
'Content-Type': 'application/json'
---
Data:
AppStoreConnectErrorResponse(errors: Optional([XCServices.AppStoreConnectErrorResponse.Errors(code: "ENTITY_ERROR.ATTRIBUTE.INVALID.DUPLICATE.SAME_ACCOUNT", detail: "The app name you entered is already being used for another app in your account. If you would like to use the name for this app you will need to submit an update to your other app to change the name, or remove it from App Store Connect.", status: "409", title: "The provided entity includes an attribute with a value that has already been used on this account.", id: Optional("d87cfd65-2cec-4351-bdd7-325118129061"), links: nil)]))
---
2026-02-23 23:15:07 +0000  CreateAppService: fetched item
