2026-02-23 23:15:05 +0000  Sending request 389F4DBE-EDA3-456C-9D17-567E2236FB1D to <https://developerservices2.apple.com/services/v1/bundleIds> for session <DVTServicesAccountBasedSession: 0xa8c33dec0; account='<DVTAppleIDBasedDeveloperAccount: 0xa7f522b00; username='jbaker_00@msn.com'>'>.
Method: POST

Headers:
{
    Accept = "application/vnd.api+json";
    "Accept-Encoding" = "gzip, deflate";
    "Content-Length" = 138;
    "Content-Type" = "application/vnd.api+json";
    "User-Agent" = Xcode;
    "X-Apple-App-Info" = "com.apple.gs.xcode.auth";
    "X-Apple-GS-Token" = "AAAABLwIAAAAAGmWcb4RDWdzLnhjb2RlLmF1dGi9AJO05L251GTJ2entPT5crslScwUnHNENDcHxEuG6SvZ4grFVDlm/4qiRQSFlexb3WH1SplL+nj3YCMpXf5Y1K3thX3mGFY6l9CmFk8BjvTbiuCM7d7souDGIdUa+j+KBuSYb+kzp+8ZIm0s2NruFfTvxjJiw";
    "X-Apple-I-Identity-Id" = "001356-05-29678b17-34bb-46fb-9882-bc502f1f242a";
    "X-HTTP-Method-Override" = GET;
    "X-MMe-Client-Info" = "<Mac14,2> <macOS;26.2;25C56> <com.apple.AuthKit/1 (com.apple.dt.Xcode/24553)>";
    "X-Mme-Device-Id" = "7C73AB25-B004-5BBD-A9E9-D49F881423DD";
    "X-Xcode-Version" = "26.2 (17C52)";
}

Payload:
{"urlEncodedQueryParams":"teamId=G3P9A8Z2NP&filter%5BbundleType%5D=bundle&filter%5Bidentifier%5D=com.jamesbaker.jamaicadeals,*&limit=200"}
2026-02-23 23:15:06 +0000  Received response for 389F4DBE-EDA3-456C-9D17-567E2236FB1D @ <https://developerservices2.apple.com/services/v1/bundleIds>. Code = 0
2026-02-23 23:15:06 +0000  Response payload: {
  "data" : [ {
    "type" : "bundleIds",
    "id" : "37KWA2GW25",
    "attributes" : {
      "identifier" : "*",
      "seedId" : "4PDB3TQD2G",
      "hasExclusiveManagedCapabilities" : false,
      "name" : "jbiOS",
      "entitlementGroupName" : null,
      "bundleType" : "bundle",
      "entitlementType" : null,
      "platform" : "IOS",
      "deploymentDataNotice" : null,
      "responseId" : "b2fe7a1f-e434-4775-acfb-c1c5f9287beb",
      "wildcard" : true
    },
    "relationships" : {
      "bundleIdCapabilities" : {
        "meta" : {
          "paging" : {
            "total" : 0,
            "limit" : 2147483647
          }
        },
        "links" : {
          "self" : "https://developerservices2.apple.com:443/services/v1/bundleIds/37KWA2GW25/relationships/bundleIdCapabilities",
          "related" : "https://developerservices2.apple.com:443/services/v1/bundleIds/37KWA2GW25/bundleIdCapabilities"
        }
      },
      "profiles" : {
        "meta" : {
          "paging" : {
            "total" : 0,
            "limit" : 2147483647
          }
        },
        "links" : {
          "self" : "https://developerservices2.apple.com:443/services/v1/bundleIds/37KWA2GW25/relationships/profiles",
          "related" : "https://developerservices2.apple.com:443/services/v1/bundleIds/37KWA2GW25/profiles"
        }
      }
    },
    "links" : {
      "self" : "https://developerservices2.apple.com:443/services/v1/bundleIds/37KWA2GW25"
    }
  }, {
    "type" : "bundleIds",
    "id" : "3VV2X3UWY6",
    "attributes" : {
      "identifier" : "*",
      "seedId" : "G3P9A8Z2NP",
      "hasExclusiveManagedCapabilities" : false,
      "name" : "iOSv2",
      "entitlementGroupName" : null,
      "bundleType" : "bundle",
      "entitlementType" : null,
      "platform" : "IOS",
      "deploymentDataNotice" : null,
      "responseId" : "b2fe7a1f-e434-4775-acfb-c1c5f9287beb",
      "wildcard" : true
    },
    "relationships" : {
      "bundleIdCapabilities" : {
        "meta" : {
          "paging" : {
            "total" : 0,
            "limit" : 2147483647
          }
        },
        "links" : {
          "self" : "https://developerservices2.apple.com:443/services/v1/bundleIds/3VV2X3UWY6/relationships/bundleIdCapabilities",
          "related" : "https://developerservices2.apple.com:443/services/v1/bundleIds/3VV2X3UWY6/bundleIdCapabilities"
        }
      },
      "profiles" : {
        "meta" : {
          "paging" : {
            "total" : 0,
            "limit" : 2147483647
          }
        },
        "links" : {
          "self" : "https://developerservices2.apple.com:443/services/v1/bundleIds/3VV2X3UWY6/relationships/profiles",
          "related" : "https://developerservices2.apple.com:443/services/v1/bundleIds/3VV2X3UWY6/profiles"
        }
      }
    },
    "links" : {
      "self" : "https://developerservices2.apple.com:443/services/v1/bundleIds/3VV2X3UWY6"
    }
  }, {
    "type" : "bundleIds",
    "id" : "7G48RVKNUL",
    "attributes" : {
      "identifier" : "com.jamesbaker.jamaicadeals",
      "seedId" : "G3P9A8Z2NP",
      "hasExclusiveManagedCapabilities" : false,
      "name" : "XC com jamesbaker jamaicadeals",
      "entitlementGroupName" : null,
      "bundleType" : "bundle",
      "entitlementType" : null,
      "platform" : "UNIVERSAL",
      "deploymentDataNotice" : null,
      "responseId" : "b2fe7a1f-e434-4775-acfb-c1c5f9287beb",
      "wildcard" : false
    },
    "relationships" : {
      "bundleIdCapabilities" : {
        "meta" : {
          "paging" : {
            "total" : 0,
            "limit" : 2147483647
          }
        },
        "links" : {
          "self" : "https://developerservices2.apple.com:443/services/v1/bundleIds/7G48RVKNUL/relationships/bundleIdCapabilities",
          "related" : "https://developerservices2.apple.com:443/services/v1/bundleIds/7G48RVKNUL/bundleIdCapabilities"
        }
      },
      "profiles" : {
        "meta" : {
          "paging" : {
            "total" : 0,
            "limit" : 2147483647
          }
        },
        "links" : {
          "self" : "https://developerservices2.apple.com:443/services/v1/bundleIds/7G48RVKNUL/relationships/profiles",
          "related" : "https://developerservices2.apple.com:443/services/v1/bundleIds/7G48RVKNUL/profiles"
        }
      }
    },
    "links" : {
      "self" : "https://developerservices2.apple.com:443/services/v1/bundleIds/7G48RVKNUL"
    }
  }, {
    "type" : "bundleIds",
    "id" : "DXEZM7X4ZS",
    "attributes" : {
      "identifier" : "*",
      "seedId" : "G3P9A8Z2NP",
      "hasExclusiveManagedCapabilities" : false,
      "name" : "XC Wildcard",
      "entitlementGroupName" : null,
      "bundleType" : "bundle",
      "entitlementType" : null,
      "platform" : "IOS",
      "deploymentDataNotice" : null,
      "responseId" : "b2fe7a1f-e434-4775-acfb-c1c5f9287beb",
      "wildcard" : true
    },
    "relationships" : {
      "bundleIdCapabilities" : {
        "meta" : {
          "paging" : {
            "total" : 0,
            "limit" : 2147483647
          }
        },
        "links" : {
          "self" : "https://developerservices2.apple.com:443/services/v1/bundleIds/DXEZM7X4ZS/relationships/bundleIdCapabilities",
          "related" : "https://developerservices2.apple.com:443/services/v1/bundleIds/DXEZM7X4ZS/bundleIdCapabilities"
        }
      },
      "profiles" : {
        "meta" : {
          "paging" : {
            "total" : 0,
            "limit" : 2147483647
          }
        },
        "links" : {
          "self" : "https://developerservices2.apple.com:443/services/v1/bundleIds/DXEZM7X4ZS/relationships/profiles",
          "related" : "https://developerservices2.apple.com:443/services/v1/bundleIds/DXEZM7X4ZS/profiles"
        }
      }
    },
    "links" : {
      "self" : "https://developerservices2.apple.com:443/services/v1/bundleIds/DXEZM7X4ZS"
    }
  } ],
  "links" : {
    "self" : "https://developerservices2.apple.com:443/services/v1/bundleIds?filter%5BbundleType%5D=bundle&filter%5Bidentifier%5D=com.jamesbaker.jamaicadeals%2C%2A&limit=200"
  },
  "meta" : {
    "paging" : {
      "total" : 4,
      "limit" : 200
    }
  }
}

