2026-02-23 23:14:27 +0000 [MT] Rejected distribution method <IDEDistributionMethodTVOSAppStoreDistribution: 0xa887d21a0> because it doesn't support distributing archive
2026-02-23 23:14:27 +0000 [MT] Rejected distribution method <IDEDistributionMethodAppStoreDistributionVisionOS: 0xa887d21f0> because it doesn't support distributing archive
2026-02-23 23:14:27 +0000 [MT] Rejected distribution method <IDEDistributionMethodMacAppStoreDistribution: 0xa887d22e0> because it doesn't support distributing archive
2026-02-23 23:14:27 +0000 [MT] Accepted distribution method <IDEDistributionMethodiOSAppStoreDistribution: 0xa887d2350>
2026-02-23 23:14:27 +0000 [MT] Rejected distribution method <IDEDistributionMethodWatchOSAdHoc: 0xa887d21e0> because it doesn't support distributing archive
2026-02-23 23:14:27 +0000 [MT] Rejected distribution method <IDEDistributionMethodTVOSAdHoc: 0xa887d2230> because it doesn't support distributing archive
2026-02-23 23:14:27 +0000 [MT] Rejected distribution method <IDEDistributionMethodMacAdHoc: 0xa887d2110> because it doesn't support distributing archive
2026-02-23 23:14:27 +0000 [MT] Accepted distribution method <IDEDistributionMethodiOSAdHoc: 0xa887d22a0>
2026-02-23 23:14:27 +0000 [MT] Rejected distribution method <IDEDistributionMethodAdHocVisionOS: 0xa887d2320> because it doesn't support distributing archive
2026-02-23 23:14:27 +0000 [MT] Rejected distribution method <IDEDistributionMethodTVOSEnterprise: 0xa887d2150> because it doesn't support distributing archive
2026-02-23 23:14:27 +0000 [MT] Rejected distribution method <IDEDistributionMethodWatchOSEnterprise: 0xa887d2180> because it doesn't support distributing archive
2026-02-23 23:14:27 +0000 [MT] Rejected distribution method <IDEDistributionMethodEnterpriseVisionOS: 0xa887d2190> because it doesn't support distributing archive
2026-02-23 23:14:27 +0000 [MT] Accepted distribution method <IDEDistributionMethodiOSEnterprise: 0xa887d2210>
2026-02-23 23:14:27 +0000 [MT] Rejected distribution method <IDEDistributionMethodDevelopmentSignedVisionOS: 0xa887d2160> because it doesn't support distributing archive
2026-02-23 23:14:27 +0000 [MT] Rejected distribution method <IDEDistributionMethodWatchOSDevelopmentSigned: 0xa887d21b0> because it doesn't support distributing archive
2026-02-23 23:14:27 +0000 [MT] Rejected distribution method <IDEDistributionMethodTVOSDevelopmentSigned: 0xa887d2200> because it doesn't support distributing archive
2026-02-23 23:14:27 +0000 [MT] Accepted distribution method <IDEDistributionMethodDevelopmentSigned: 0xa887d2310>
2026-02-23 23:14:27 +0000 [MT] Rejected distribution method <IDEDistributionMethodDeveloperID: 0xa887d2220> because it doesn't support distributing archive
2026-02-23 23:14:27 +0000 [MT] Rejected distribution method <IDEDistributionMethodDeveloperIDNotarizedApp: 0xa887d2360> because it doesn't support distributing archive
2026-02-23 23:14:27 +0000 [MT] Rejected distribution method <IDEDistributionMethodSaveBuiltProducts: 0xa887d21c0> because it doesn't support distributing archive
2026-02-23 23:14:27 +0000 [MT] Rejected distribution method <IDEDistributionMethodDevelopmentSignedMac: 0xa887d2240> because it doesn't support distributing archive
2026-02-23 23:14:27 +0000 [MT] Rejected distribution method <IDEDistributionMethodMacApplication: 0xa887d2260> because it doesn't support distributing archive
2026-02-23 23:14:27 +0000 [MT] Rejected distribution method <IDEDistributionMethodAppStoreValidationVisionOS: 0xa887d2170> because it doesn't support distributing archive
2026-02-23 23:14:27 +0000 [MT] Rejected distribution method <IDEDistributionMethodTVOSAppStoreValidation: 0xa887d2250> because it doesn't support distributing archive
2026-02-23 23:14:27 +0000 [MT] Rejected distribution method <IDEDistributionMethodMacAppStoreValidation: 0xa887d2290> because it doesn't support distributing archive
2026-02-23 23:14:27 +0000 [MT] Rejected distribution method <IDEDistributionMethodiOSAppStoreValidation: 0xa887d22d0> because it doesn't support distributing archive
2026-02-23 23:14:27 +0000 [MT] Rejected distribution method <IDEDistributionMethodExportArchive: 0xa887d21d0> because it doesn't support distributing archive
2026-02-23 23:14:29 +0000  Rejected distribution method <IDEDistributionMethodTVOSAppStoreDistribution: 0xa887d21a0> because it doesn't support distributing archive
2026-02-23 23:14:29 +0000  Rejected distribution method <IDEDistributionMethodAppStoreDistributionVisionOS: 0xa887d21f0> because it doesn't support distributing archive
2026-02-23 23:14:29 +0000  Rejected distribution method <IDEDistributionMethodMacAppStoreDistribution: 0xa887d22e0> because it doesn't support distributing archive
2026-02-23 23:14:29 +0000  Accepted distribution method <IDEDistributionMethodiOSAppStoreDistribution: 0xa887d2350>
2026-02-23 23:14:29 +0000  Rejected distribution method <IDEDistributionMethodWatchOSAdHoc: 0xa887d21e0> because it doesn't support distributing archive
2026-02-23 23:14:29 +0000  Rejected distribution method <IDEDistributionMethodTVOSAdHoc: 0xa887d2230> because it doesn't support distributing archive
2026-02-23 23:14:29 +0000  Rejected distribution method <IDEDistributionMethodMacAdHoc: 0xa887d2110> because it doesn't support distributing archive
2026-02-23 23:14:29 +0000  Accepted distribution method <IDEDistributionMethodiOSAdHoc: 0xa887d22a0>
2026-02-23 23:14:29 +0000  Rejected distribution method <IDEDistributionMethodAdHocVisionOS: 0xa887d2320> because it doesn't support distributing archive
2026-02-23 23:14:29 +0000  Rejected distribution method <IDEDistributionMethodTVOSEnterprise: 0xa887d2150> because it doesn't support distributing archive
2026-02-23 23:14:29 +0000  Rejected distribution method <IDEDistributionMethodWatchOSEnterprise: 0xa887d2180> because it doesn't support distributing archive
2026-02-23 23:14:29 +0000  Rejected distribution method <IDEDistributionMethodEnterpriseVisionOS: 0xa887d2190> because it doesn't support distributing archive
2026-02-23 23:14:29 +0000  Accepted distribution method <IDEDistributionMethodiOSEnterprise: 0xa887d2210>
2026-02-23 23:14:29 +0000  Rejected distribution method <IDEDistributionMethodDevelopmentSignedVisionOS: 0xa887d2160> because it doesn't support distributing archive
2026-02-23 23:14:29 +0000  Rejected distribution method <IDEDistributionMethodWatchOSDevelopmentSigned: 0xa887d21b0> because it doesn't support distributing archive
2026-02-23 23:14:29 +0000  Rejected distribution method <IDEDistributionMethodTVOSDevelopmentSigned: 0xa887d2200> because it doesn't support distributing archive
2026-02-23 23:14:29 +0000  Accepted distribution method <IDEDistributionMethodDevelopmentSigned: 0xa887d2310>
2026-02-23 23:14:29 +0000  Rejected distribution method <IDEDistributionMethodDeveloperID: 0xa887d2220> because it doesn't support distributing archive
2026-02-23 23:14:29 +0000  Rejected distribution method <IDEDistributionMethodDeveloperIDNotarizedApp: 0xa887d2360> because it doesn't support distributing archive
2026-02-23 23:14:29 +0000  Rejected distribution method <IDEDistributionMethodSaveBuiltProducts: 0xa887d21c0> because it doesn't support distributing archive
2026-02-23 23:14:29 +0000  Rejected distribution method <IDEDistributionMethodDevelopmentSignedMac: 0xa887d2240> because it doesn't support distributing archive
2026-02-23 23:14:29 +0000  Rejected distribution method <IDEDistributionMethodMacApplication: 0xa887d2260> because it doesn't support distributing archive
2026-02-23 23:14:29 +0000  Rejected distribution method <IDEDistributionMethodAppStoreValidationVisionOS: 0xa887d2170> because it doesn't support distributing archive
2026-02-23 23:14:29 +0000  Rejected distribution method <IDEDistributionMethodTVOSAppStoreValidation: 0xa887d2250> because it doesn't support distributing archive
2026-02-23 23:14:29 +0000  Rejected distribution method <IDEDistributionMethodMacAppStoreValidation: 0xa887d2290> because it doesn't support distributing archive
2026-02-23 23:14:29 +0000  Rejected distribution method <IDEDistributionMethodiOSAppStoreValidation: 0xa887d22d0> because it doesn't support distributing archive
2026-02-23 23:14:29 +0000  Rejected distribution method <IDEDistributionMethodExportArchive: 0xa887d21d0> because it doesn't support distributing archive
2026-02-23 23:14:29 +0000  Available distribution methods: {(
    <IDEDistributionMethodiOSAppStoreDistribution: 0xa887d2350>,
    <IDEDistributionMethodiOSAdHoc: 0xa887d22a0>,
    <IDEDistributionMethodiOSEnterprise: 0xa887d2210>,
    <IDEDistributionMethodDevelopmentSigned: 0xa887d2310>
)}
2026-02-23 23:14:29 +0000  Rejected distribution method <IDEDistributionMethodTVOSAppStoreDistribution: 0xa887d21a0> because it doesn't support distributing archive
2026-02-23 23:14:29 +0000  Rejected distribution method <IDEDistributionMethodAppStoreDistributionVisionOS: 0xa887d21f0> because it doesn't support distributing archive
2026-02-23 23:14:29 +0000  Rejected distribution method <IDEDistributionMethodMacAppStoreDistribution: 0xa887d22e0> because it doesn't support distributing archive
2026-02-23 23:14:29 +0000  Accepted distribution method <IDEDistributionMethodiOSAppStoreDistribution: 0xa887d2350>
2026-02-23 23:14:29 +0000  Rejected distribution method <IDEDistributionMethodWatchOSAdHoc: 0xa887d21e0> because it doesn't support distributing archive
2026-02-23 23:14:29 +0000  Rejected distribution method <IDEDistributionMethodTVOSAdHoc: 0xa887d2230> because it doesn't support distributing archive
2026-02-23 23:14:29 +0000  Rejected distribution method <IDEDistributionMethodMacAdHoc: 0xa887d2110> because it doesn't support distributing archive
2026-02-23 23:14:29 +0000  Accepted distribution method <IDEDistributionMethodiOSAdHoc: 0xa887d22a0>
2026-02-23 23:14:29 +0000  Rejected distribution method <IDEDistributionMethodAdHocVisionOS: 0xa887d2320> because it doesn't support distributing archive
2026-02-23 23:14:29 +0000  Rejected distribution method <IDEDistributionMethodTVOSEnterprise: 0xa887d2150> because it doesn't support distributing archive
2026-02-23 23:14:29 +0000  Rejected distribution method <IDEDistributionMethodWatchOSEnterprise: 0xa887d2180> because it doesn't support distributing archive
2026-02-23 23:14:29 +0000  Rejected distribution method <IDEDistributionMethodEnterpriseVisionOS: 0xa887d2190> because it doesn't support distributing archive
2026-02-23 23:14:29 +0000  Accepted distribution method <IDEDistributionMethodiOSEnterprise: 0xa887d2210>
2026-02-23 23:14:29 +0000  Rejected distribution method <IDEDistributionMethodDevelopmentSignedVisionOS: 0xa887d2160> because it doesn't support distributing archive
2026-02-23 23:14:29 +0000  Rejected distribution method <IDEDistributionMethodWatchOSDevelopmentSigned: 0xa887d21b0> because it doesn't support distributing archive
2026-02-23 23:14:29 +0000  Rejected distribution method <IDEDistributionMethodTVOSDevelopmentSigned: 0xa887d2200> because it doesn't support distributing archive
2026-02-23 23:14:29 +0000  Accepted distribution method <IDEDistributionMethodDevelopmentSigned: 0xa887d2310>
2026-02-23 23:14:29 +0000  Rejected distribution method <IDEDistributionMethodDeveloperID: 0xa887d2220> because it doesn't support distributing archive
2026-02-23 23:14:29 +0000  Rejected distribution method <IDEDistributionMethodDeveloperIDNotarizedApp: 0xa887d2360> because it doesn't support distributing archive
2026-02-23 23:14:29 +0000  Rejected distribution method <IDEDistributionMethodSaveBuiltProducts: 0xa887d21c0> because it doesn't support distributing archive
2026-02-23 23:14:29 +0000  Rejected distribution method <IDEDistributionMethodDevelopmentSignedMac: 0xa887d2240> because it doesn't support distributing archive
2026-02-23 23:14:29 +0000  Rejected distribution method <IDEDistributionMethodMacApplication: 0xa887d2260> because it doesn't support distributing archive
2026-02-23 23:14:29 +0000  Rejected distribution method <IDEDistributionMethodAppStoreValidationVisionOS: 0xa887d2170> because it doesn't support distributing archive
2026-02-23 23:14:29 +0000  Rejected distribution method <IDEDistributionMethodTVOSAppStoreValidation: 0xa887d2250> because it doesn't support distributing archive
2026-02-23 23:14:29 +0000  Rejected distribution method <IDEDistributionMethodMacAppStoreValidation: 0xa887d2290> because it doesn't support distributing archive
2026-02-23 23:14:29 +0000  Rejected distribution method <IDEDistributionMethodiOSAppStoreValidation: 0xa887d22d0> because it doesn't support distributing archive
2026-02-23 23:14:29 +0000  Rejected distribution method <IDEDistributionMethodExportArchive: 0xa887d21d0> because it doesn't support distributing archive
2026-02-23 23:14:29 +0000  Available distribution methods: {(
    <IDEDistributionMethodiOSAppStoreDistribution: 0xa887d2350>,
    <IDEDistributionMethodiOSAdHoc: 0xa887d22a0>,
    <IDEDistributionMethodiOSEnterprise: 0xa887d2210>,
    <IDEDistributionMethodDevelopmentSigned: 0xa887d2310>
)}
2026-02-23 23:14:29 +0000  IDEDistributionItem init <DVTFilePath:0xa8b5c0230:'/Users/jamesbaker/Library/Developer/Xcode/Archives/2026-02-23/JamaicaVacationDeals 2-23-26, 3.14 PM 2.xcarchive/Products/Applications/JamaicaVacationDeals.app/Frameworks/GoogleMobileAds.framework'>
2026-02-23 23:14:29 +0000  IDEDistributionItem init <DVTFilePath:0xa8b5c0e00:'/Users/jamesbaker/Library/Developer/Xcode/Archives/2026-02-23/JamaicaVacationDeals 2-23-26, 3.14 PM 2.xcarchive/Products/Applications/JamaicaVacationDeals.app/Frameworks/UserMessagingPlatform.framework'>
2026-02-23 23:14:29 +0000  IDEDistributionItem init <DVTFilePath:0xa8b5c1c70:'/Users/jamesbaker/Library/Developer/Xcode/Archives/2026-02-23/JamaicaVacationDeals 2-23-26, 3.14 PM 2.xcarchive/Products/Applications/JamaicaVacationDeals.app'>
2026-02-23 23:14:29 +0000  Set distributionItems on context: (
    "<IDEDistributionItem: 0xa8760d560; bundleID='com.jamesbaker.jamaicadeals', path='<DVTFilePath:0xa8b5c1c70:'/Users/jamesbaker/Library/Developer/Xcode/Archives/2026-02-23/JamaicaVacationDeals 2-23-26, 3.14\U202fPM 2.xcarchive/Products/Applications/JamaicaVacationDeals.app'>', codeSigningInfo='<_DVTCodeSigningInformation_Path: 0xa8760d140; isSigned='1', isAdHocSigned='0', signingCertificate='<DVTSigningCertificate: 0xa787bfe40; name='Apple Development: James Baker (8BNYND477R)', hash='DFFD70937E172C20739CFBC4F6A4397C8A6200BB', serialNumber='7B824CA1DE6C2E9395B1E6C91B03BD62', certificateKinds='(\n    \"1.2.840.113635.100.6.1.12\",\n    \"1.2.840.113635.100.6.1.2\"\n), issueDate='2026-01-25 07:11:35 +0000''>', entitlements='{\n    \"application-identifier\" = \"4PDB3TQD2G.com.jamesbaker.jamaicadeals\";\n    \"com.apple.developer.team-identifier\" = G3P9A8Z2NP;\n    \"get-task-allow\" = 1;\n}', teamID='G3P9A8Z2NP', identifier='com.jamesbaker.jamaicadeals', executablePath='<DVTFilePath:0xa8b5c07e0:'/Users/jamesbaker/Library/Developer/Xcode/Archives/2026-02-23/JamaicaVacationDeals 2-23-26, 3.14\U202fPM 2.xcarchive/Products/Applications/JamaicaVacationDeals.app/JamaicaVacationDeals'>', hardenedRuntime='0'>'>"
)
2026-02-23 23:14:29 +0000  Archs to thin for item /Users/jamesbaker/Library/Developer/Xcode/Archives/2026-02-23/JamaicaVacationDeals 2-23-26, 3.14 PM 2.xcarchive/Products/Applications/JamaicaVacationDeals.app are []
2026-02-23 23:14:29 +0000  Archs to thin for item /Users/jamesbaker/Library/Developer/Xcode/Archives/2026-02-23/JamaicaVacationDeals 2-23-26, 3.14 PM 2.xcarchive/Products/Applications/JamaicaVacationDeals.app/Frameworks/GoogleMobileAds.framework are []
2026-02-23 23:14:29 +0000  Archs to thin for item /Users/jamesbaker/Library/Developer/Xcode/Archives/2026-02-23/JamaicaVacationDeals 2-23-26, 3.14 PM 2.xcarchive/Products/Applications/JamaicaVacationDeals.app/Frameworks/UserMessagingPlatform.framework are []
2026-02-23 23:14:29 +0000  [OPTIONAL] Found platform <DVTPlatform:0xa7b3c0100:'com.apple.platform.iphoneos':<DVTFilePath:0xa7b2d43f0:'/Applications/Xcode.app/Contents/Developer/Platforms/iPhoneOS.platform'>> and cert <DVTSigningCertificate: 0xa787bfe40; name='Apple Development: James Baker (8BNYND477R)', hash='DFFD70937E172C20739CFBC4F6A4397C8A6200BB', serialNumber='7B824CA1DE6C2E9395B1E6C91B03BD62', certificateKinds='(
    "1.2.840.113635.100.6.1.12",
    "1.2.840.113635.100.6.1.2"
), issueDate='2026-01-25 07:11:35 +0000''> for <DVTFilePath:0xa8b5c1c70:'/Users/jamesbaker/Library/Developer/Xcode/Archives/2026-02-23/JamaicaVacationDeals 2-23-26, 3.14 PM 2.xcarchive/Products/Applications/JamaicaVacationDeals.app'>
2026-02-23 23:14:29 +0000  [OPTIONAL] Profile <DVTEmbeddedProvisioningProfile 0xa787bfe40: name: iOS Team Provisioning Profile: *, UUID: 74cbe4ad-2498-463f-8e77-5778672fed20, teamName: James Baker, teamIdentifierPrefixes: (
    G3P9A8Z2NP
), entitlements: {
    "application-identifier" = "4PDB3TQD2G.*";
    "com.apple.developer.team-identifier" = G3P9A8Z2NP;
    "get-task-allow" = 1;
    "keychain-access-groups" =     (
        "4PDB3TQD2G.*",
        "com.apple.token"
    );
}, appIdentifierName: jbiOS, applicationIdentifierPrefixes: (
    4PDB3TQD2G
), dateCreated: 2026-01-25 19:50:56 +0000, dateExpired: 2027-01-25 19:50:56 +0000, certificateKinds: {(
    "1.2.840.113635.100.6.1.12",
    "1.2.840.113635.100.6.1.2"
)}, certificateSHA1Hashes: {(
    DFFD70937E172C20739CFBC4F6A4397C8A6200BB
)}, supportedUDIDs: {(
    "00008130-001c1036342a001c",
    "00008103-000131321a87001e"
)}, isUniversal: 0, isXcodeManaged: 1, platforms: {(
    <DVTPlatform:0xa7b3c0200:'com.apple.platform.xros':<DVTFilePath:0xa7b010e40:'/Applications/Xcode.app/Contents/Developer/Platforms/XROS.platform'>>,
    <DVTPlatform:0xa7b3c0180:'com.apple.platform.watchos':<DVTFilePath:0xa7b2d44d0:'/Applications/Xcode.app/Contents/Developer/Platforms/WatchOS.platform'>>,
    <DVTPlatform:0xa7b3c0100:'com.apple.platform.iphoneos':<DVTFilePath:0xa7b2d43f0:'/Applications/Xcode.app/Contents/Developer/Platforms/iPhoneOS.platform'>>
)}, filePath: <DVTFilePath:0xa8b5c01c0:'/Users/jamesbaker/Library/Developer/Xcode/Archives/2026-02-23/JamaicaVacationDeals 2-23-26, 3.14 PM 2.xcarchive/Products/Applications/JamaicaVacationDeals.app/embedded.mobileprovision'>> for <DVTFilePath:0xa8b5c1c70:'/Users/jamesbaker/Library/Developer/Xcode/Archives/2026-02-23/JamaicaVacationDeals 2-23-26, 3.14 PM 2.xcarchive/Products/Applications/JamaicaVacationDeals.app'> was an automatic profile
2026-02-23 23:14:29 +0000  [OPTIONAL] Found platform <DVTPlatform:0xa7b3c0100:'com.apple.platform.iphoneos':<DVTFilePath:0xa7b2d43f0:'/Applications/Xcode.app/Contents/Developer/Platforms/iPhoneOS.platform'>> and cert <DVTSigningCertificate: 0xa787bfe40; name='Apple Development: James Baker (8BNYND477R)', hash='DFFD70937E172C20739CFBC4F6A4397C8A6200BB', serialNumber='7B824CA1DE6C2E9395B1E6C91B03BD62', certificateKinds='(
    "1.2.840.113635.100.6.1.12",
    "1.2.840.113635.100.6.1.2"
), issueDate='2026-01-25 07:11:35 +0000''> for <DVTFilePath:0xa8b5c0230:'/Users/jamesbaker/Library/Developer/Xcode/Archives/2026-02-23/JamaicaVacationDeals 2-23-26, 3.14 PM 2.xcarchive/Products/Applications/JamaicaVacationDeals.app/Frameworks/GoogleMobileAds.framework'>
2026-02-23 23:14:29 +0000  [OPTIONAL] Found platform <DVTPlatform:0xa7b3c0100:'com.apple.platform.iphoneos':<DVTFilePath:0xa7b2d43f0:'/Applications/Xcode.app/Contents/Developer/Platforms/iPhoneOS.platform'>> and cert <DVTSigningCertificate: 0xa787bfe40; name='Apple Development: James Baker (8BNYND477R)', hash='DFFD70937E172C20739CFBC4F6A4397C8A6200BB', serialNumber='7B824CA1DE6C2E9395B1E6C91B03BD62', certificateKinds='(
    "1.2.840.113635.100.6.1.12",
    "1.2.840.113635.100.6.1.2"
), issueDate='2026-01-25 07:11:35 +0000''> for <DVTFilePath:0xa8b5c0e00:'/Users/jamesbaker/Library/Developer/Xcode/Archives/2026-02-23/JamaicaVacationDeals 2-23-26, 3.14 PM 2.xcarchive/Products/Applications/JamaicaVacationDeals.app/Frameworks/UserMessagingPlatform.framework'>
2026-02-23 23:14:29 +0000  Distributable's provisioning style is Automatic
2026-02-23 23:14:30 +0000  App Store Connect request for store configuration response: <DVTITunesConnectConfigurationResponse: 0xa856b4780; isSuccessful='1', configuration='{
    G3P9A8Z2NP =     {
        "com.apple.platform.appletvos" =         {
            architectures =             {
                defaultArch =                 {
                    defaultProductType =                     {
                        format =                         {
                            bitCode =                             {
                                supportLevel = unsupported;
                            };
                            compiledCode =                             {
                                supportLevel = required;
                            };
                        };
                    };
                };
            };
            iconSource =             {
                largeAppIcon = carInBinary;
                primaryIcons = carInBinary;
            };
            onDemandResources =             {
                sizeLimits =                 {
                    assetPack = 512000000;
                    prioritizedTotal = 2000000000;
                    total = 20000000000;
                };
                supportLevel = supported;
            };
        };
        "com.apple.platform.iphoneos" =         {
            architectures =             {
                defaultArch =                 {
                    defaultProductType =                     {
                        format =                         {
                            bitCode =                             {
                                supportLevel = unsupported;
                            };
                            compiledCode =                             {
                                supportLevel = required;
                            };
                        };
                    };
                };
            };
            iconSource =             {
                largeAppIcon = unsupported;
                primaryIcons = pngInBinary;
            };
            onDemandResources =             {
                sizeLimits =                 {
                    assetPack = 512000000;
                    total = 20000000000;
                };
                supportLevel = supported;
            };
        };
        "com.apple.platform.macosx" =         {
            architectures =             {
                defaultArch =                 {
                    defaultProductType =                     {
                        format =                         {
                            bitCode =                             {
                                supportLevel = unsupported;
                            };
                            compiledCode =                             {
                                supportLevel = required;
                            };
                        };
                    };
                };
            };
            iconSource =             {
                largeAppIcon = pngInBinary;
                primaryIcons = pngInBinary;
            };
            onDemandResources =             {
                supportLevel = unsupported;
            };
        };
        "com.apple.platform.watchos" =         {
            architectures =             {
                defaultArch =                 {
                    defaultProductType =                     {
                        format =                         {
                            bitCode =                             {
                                supportLevel = unsupported;
                            };
                            compiledCode =                             {
                                supportLevel = required;
                            };
                        };
                    };
                };
            };
            iconSource =             {
                largeAppIcon = unsupported;
                primaryIcons = pngInBinary;
            };
            onDemandResources =             {
                supportLevel = unsupported;
            };
        };
        "com.apple.platform.xros" =         {
            architectures =             {
                defaultArch =                 {
                    defaultProductType =                     {
                        format =                         {
                            bitCode =                             {
                                supportLevel = unsupported;
                            };
                            compiledCode =                             {
                                supportLevel = required;
                            };
                        };
                    };
                };
            };
            iconSource =             {
                largeAppIcon = carInBinary;
                primaryIcons = carInBinary;
            };
            onDemandResources =             {
                supportLevel = unsupported;
            };
        };
        configModelVersion = "1.1";
    };
    preflight =     (
        G3P9A8Z2NP
    );
}', alertMessage='(null)', errors='(null)', warnings='(null)', infoMessages='(null)'>
2026-02-23 23:14:30 +0000  App Store Connect team IDs for account (null) are (
    G3P9A8Z2NP
)
2026-02-23 23:14:31 +0000  Step failed: <IDEDistributionFetchAppRecordStep: 0xa8c373fe0>: IDEDistribution.DistributionAppRecordProviderError.missingApp(bundleId: "com.jamesbaker.jamaicadeals")
2026-02-23 23:14:31 +0000 [MT] Recovery handler token state changed: DistributionErrorRecoveryHandlerTokenState(state: .recoveryInterstitial(<IDEDistributionProgressViewController: 0xa7a485500 representing: (null)>, previousPolicy: canGoPrevious), interstitial: Optional(<IDEDistributionProgressViewController: 0xa7a485500 representing: (null)>))
2026-02-23 23:14:31 +0000 [MT] Distribution app record creator state changed: preparingConfiguration
2026-02-23 23:14:31 +0000 [MT] Recovery handler token state changed: DistributionErrorRecoveryHandlerTokenState(state: .recoveryInterstitial(<IDEDistributionProgressViewController: 0xa7a485500 representing: (null)>, previousPolicy: canGoPrevious), interstitial: Optional(<IDEDistributionProgressViewController: 0xa7a485500 representing: (null)>))
2026-02-23 23:14:31 +0000 [MT] Distribution app record creator state changed: editing(payload: IDEDistribution.DistributionAppRecordCreatorEditingPayload(bundleIdentifier: "com.jamesbaker.jamaicadeals", appName: "JamaicaVacationDeals", editingInfoMessage: "Your app must be registered with App Store Connect before it can be uploaded. Xcode will create an app record with the following properties.", localePack: IDEDistribution.DistributionAppRecordCreatorLocalePack(localeIds: ["hi", "en-US", "gu-IN", "hr", "ta-IN", "hu", "ur-PK", "te-IN", "zh-Hans", "nl-NL", "zh-Hant", "uk", "en-AU", "id", "or-IN", "ml-IN", "ms", "el", "it", "fr-CA", "pt-PT", "vi", "ja", "fr-FR", "ro", "en-GB", "no", "en-CA", "fi", "ru", "sl-SI", "pa-IN", "sk", "kn-IN", "ca", "ar-SA", "de-DE", "sv", "ko", "pt-BR", "es-ES", "es-MX", "cs", "th", "bn-BD", "mr-IN", "pl", "da", "he", "tr"], defaultLocale: en-US (fixed en-US), error: nil)), isExport: false)
2026-02-23 23:14:31 +0000 [MT] Recovery handler token state changed: DistributionErrorRecoveryHandlerTokenState(state: .recoveryInterstitial(<IDEDistributionCreateAppRecordConfigurationViewController: 0xa743b5900 representing: (null)>, previousPolicy: canGoPrevious), interstitial: Optional(<IDEDistributionCreateAppRecordConfigurationViewController: 0xa743b5900 representing: (null)>))
2026-02-23 23:15:05 +0000 [MT] Distribution app record creator state changed: creating
2026-02-23 23:15:05 +0000 [MT] Recovery handler token state changed: DistributionErrorRecoveryHandlerTokenState(state: .recoveryInterstitial(<IDEDistributionProgressViewController: 0xa7a4688c0 representing: (null)>, previousPolicy: previousUnsupported), interstitial: Optional(<IDEDistributionProgressViewController: 0xa7a4688c0 representing: (null)>))
2026-02-23 23:15:07 +0000 [MT] Distribution app record creator state changed: failure(parameters: Optional(IDEDistribution.DistributionAppRecordCreatorRequestParameters(appName: "JamaicaVacationDeals", bundleIdentifier: "com.jamesbaker.jamaicadeals", primaryLanguage: "en-US", sku: "com.jamesbaker.jamaicadeals")), editingPayload: IDEDistribution.DistributionAppRecordCreatorEditingPayload(bundleIdentifier: "com.jamesbaker.jamaicadeals", appName: "JamaicaVacationDeals", editingInfoMessage: "Your app must be registered with App Store Connect before it can be uploaded. Xcode will create an app record with the following properties.", localePack: IDEDistribution.DistributionAppRecordCreatorLocalePack(localeIds: ["hi", "en-US", "gu-IN", "hr", "ta-IN", "hu", "ur-PK", "te-IN", "zh-Hans", "nl-NL", "zh-Hant", "uk", "en-AU", "id", "or-IN", "ml-IN", "ms", "el", "it", "fr-CA", "pt-PT", "vi", "ja", "fr-FR", "ro", "en-GB", "no", "en-CA", "fi", "ru", "sl-SI", "pa-IN", "sk", "kn-IN", "ca", "ar-SA", "de-DE", "sv", "ko", "pt-BR", "es-ES", "es-MX", "cs", "th", "bn-BD", "mr-IN", "pl", "da", "he", "tr"], defaultLocale: en-US (fixed en-US), error: nil)), isExport: false, errors: [Error Domain=AppStoreConnectAPIErrorDomain Code=0 "App Record Creation Error" UserInfo={NSLocalizedDescription=App Record Creation Error, NSLocalizedRecoverySuggestion=App Record Creation failed due to request containing an attribute already in use. The app name you entered is already being used for another app in your account. If you would like to use the name for this app you will need to submit an update to your other app to change the name, or remove it from App Store Connect.}])
2026-02-23 23:15:07 +0000 [MT] Recovery handler token state changed: DistributionErrorRecoveryHandlerTokenState(state: .recoveryInterstitial(<IDEDistributionErrorsViewController: 0xa743b7700 representing: (null)>, previousPolicy: previousAction((Function))), interstitial: Optional(<IDEDistributionErrorsViewController: 0xa743b7700 representing: (null)>))
